Traceback (most recent call last):
  File "C:\Users\fredy\anaconda3\Lib\site-packages\jupyter_cache\executors\utils.py", line 58, in single_nb_execution
    executenb(
  File "C:\Users\fredy\anaconda3\Lib\site-packages\nbclient\client.py", line 1305, in execute
    return NotebookClient(nb=nb, resources=resources, km=km, **kwargs).execute()
           ^^^^^^^^^^^^^^^^^^^^^^^^^^^^^^^^^^^^^^^^^^^^^^^^^^^^^^^^^^^^^^^^^^^^^
  File "C:\Users\fredy\anaconda3\Lib\site-packages\jupyter_core\utils\__init__.py", line 165, in wrapped
    return loop.run_until_complete(inner)
           ^^^^^^^^^^^^^^^^^^^^^^^^^^^^^^
  File "C:\Users\fredy\anaconda3\Lib\asyncio\base_events.py", line 687, in run_until_complete
    return future.result()
           ^^^^^^^^^^^^^^^
  File "C:\Users\fredy\anaconda3\Lib\site-packages\nbclient\client.py", line 705, in async_execute
    await self.async_execute_cell(
  File "C:\Users\fredy\anaconda3\Lib\site-packages\nbclient\client.py", line 1058, in async_execute_cell
    await self._check_raise_for_error(cell, cell_index, exec_reply)
  File "C:\Users\fredy\anaconda3\Lib\site-packages\nbclient\client.py", line 914, in _check_raise_for_error
    raise CellExecutionError.from_cell_and_msg(cell, exec_reply_content)
nbclient.exceptions.CellExecutionError: An error occurred while executing the following cell:
------------------
# (Opcional para docente) Cargar datos con pandas si deseas mostrar ejemplos en Python
import pandas as pd
from pathlib import Path

xlsx_path = Path('/mnt/data/almacen_ventas.xlsx')  # ajusta la ruta si tu archivo está en otra ubicación
assert xlsx_path.exists(), "No se encuentra el archivo almacen_ventas.xlsx en la ruta especificada."

raw = pd.read_excel(xlsx_path, sheet_name='Raw Data')
customers = pd.read_excel(xlsx_path, sheet_name='Customers')
readme = pd.read_excel(xlsx_path, sheet_name='README')

raw.head(3), customers.head(3)

------------------


[1;31m---------------------------------------------------------------------------[0m
[1;31mAssertionError[0m                            Traceback (most recent call last)
Cell [1;32mIn[1], line 6[0m
[0;32m      3[0m [38;5;28;01mfrom[39;00m [38;5;21;01mpathlib[39;00m [38;5;28;01mimport[39;00m Path
[0;32m      5[0m xlsx_path [38;5;241m=[39m Path([38;5;124m'[39m[38;5;124m/mnt/data/almacen_ventas.xlsx[39m[38;5;124m'[39m)  [38;5;66;03m# ajusta la ruta si tu archivo está en otra ubicación[39;00m
[1;32m----> 6[0m [38;5;28;01massert[39;00m xlsx_path[38;5;241m.[39mexists(), [38;5;124m"[39m[38;5;124mNo se encuentra el archivo almacen_ventas.xlsx en la ruta especificada.[39m[38;5;124m"[39m
[0;32m      8[0m raw [38;5;241m=[39m pd[38;5;241m.[39mread_excel(xlsx_path, sheet_name[38;5;241m=[39m[38;5;124m'[39m[38;5;124mRaw Data[39m[38;5;124m'[39m)
[0;32m      9[0m customers [38;5;241m=[39m pd[38;5;241m.[39mread_excel(xlsx_path, sheet_name[38;5;241m=[39m[38;5;124m'[39m[38;5;124mCustomers[39m[38;5;124m'[39m)

[1;31mAssertionError[0m: No se encuentra el archivo almacen_ventas.xlsx en la ruta especificada.

